3.MVP+Moxy/app/build/intermediates/manifest_merge_blame_file/debug/manifest-merger-blame-debug-report.txt
1<?xml version="1.0" encoding="utf-8"?>
2<manifest xmlns:android="http://schemas.android.com/apk/res/android"
3    package="com.raywenderlich.wewatch"
4    android:versionCode="1"
5    android:versionName="1.0" >
6
7    <uses-sdk
8        android:minSdkVersion="19"
8-->src/main/AndroidManifest.xml
9        android:targetSdkVersion="28" />
9-->src/main/AndroidManifest.xml
10
11    <uses-permission android:name="android.permission.INTERNET" />
11-->src/main/AndroidManifest.xml:5:5-67
11-->src/main/AndroidManifest.xml:5:22-64
12
13    <application
13-->src/main/AndroidManifest.xml:7:5-34:19
14        android:allowBackup="true"
14-->src/main/AndroidManifest.xml:8:9-35
15        android:appComponentFactory="androidx.core.app.CoreComponentFactory"
15-->[androidx.core:core:1.0.0] AndroidManifest.xml:22:18-86
16        android:debuggable="true"
17        android:icon="@mipmap/ic_launcher"
17-->src/main/AndroidManifest.xml:9:9-43
18        android:label="@string/app_name"
18-->src/main/AndroidManifest.xml:10:9-41
19        android:roundIcon="@mipmap/ic_launcher_round"
19-->src/main/AndroidManifest.xml:11:9-54
20        android:supportsRtl="true"
20-->src/main/AndroidManifest.xml:12:9-35
21        android:testOnly="true"
22        android:theme="@style/AppTheme"
22-->src/main/AndroidManifest.xml:14:9-40
23        android:usesCleartextTraffic="true" >
23-->src/main/AndroidManifest.xml:13:9-44
24        <activity
24-->src/main/AndroidManifest.xml:16:9-24:20
25            android:name="com.raywenderlich.wewatch.main.MainActivity"
25-->src/main/AndroidManifest.xml:16:19-77
26            android:label="WeWatch"
26-->src/main/AndroidManifest.xml:17:19-42
27            android:theme="@style/AppTheme" >
27-->src/main/AndroidManifest.xml:18:19-50
28            <intent-filter>
28-->src/main/AndroidManifest.xml:19:13-23:29
29                <action android:name="android.intent.action.MAIN" />
29-->src/main/AndroidManifest.xml:20:17-68
29-->src/main/AndroidManifest.xml:20:25-66
30
31                <category android:name="android.intent.category.LAUNCHER" />
31-->src/main/AndroidManifest.xml:22:17-76
31-->src/main/AndroidManifest.xml:22:27-74
32            </intent-filter>
33        </activity>
34        <activity
34-->src/main/AndroidManifest.xml:26:9-28:20
35            android:name="com.raywenderlich.wewatch.add.AddMovieActivity"
35-->src/main/AndroidManifest.xml:26:19-80
36            android:label="Add Movie" >
36-->src/main/AndroidManifest.xml:27:19-44
37        </activity>
38        <activity
38-->src/main/AndroidManifest.xml:30:9-32:20
39            android:name="com.raywenderlich.wewatch.search.SearchActivity"
39-->src/main/AndroidManifest.xml:30:19-81
40            android:label="Search Results" >
40-->src/main/AndroidManifest.xml:31:19-49
41        </activity>
42
43        <service
43-->[androidx.room:room-runtime:2.1.0-alpha01] AndroidManifest.xml:23:9-25:40
44            android:name="androidx.room.MultiInstanceInvalidationService"
44-->[androidx.room:room-runtime:2.1.0-alpha01] AndroidManifest.xml:24:13-74
45            android:exported="false" />
45-->[androidx.room:room-runtime:2.1.0-alpha01] AndroidManifest.xml:25:13-37
46
47        <provider
47-->[com.squareup.picasso:picasso:2.71828] AndroidManifest.xml:8:9-11:40
48            android:name="com.squareup.picasso.PicassoProvider"
48-->[com.squareup.picasso:picasso:2.71828] AndroidManifest.xml:9:13-64
49            android:authorities="com.raywenderlich.wewatch.com.squareup.picasso"
49-->[com.squareup.picasso:picasso:2.71828] AndroidManifest.xml:10:13-72
50            android:exported="false" />
50-->[com.squareup.picasso:picasso:2.71828] AndroidManifest.xml:11:13-37
51        <provider
51-->[androidx.lifecycle:lifecycle-process:2.0.0] AndroidManifest.xml:23:9-27:43
52            android:name="androidx.lifecycle.ProcessLifecycleOwnerInitializer"
52-->[androidx.lifecycle:lifecycle-process:2.0.0] AndroidManifest.xml:24:13-79
53            android:authorities="com.raywenderlich.wewatch.lifecycle-process"
53-->[androidx.lifecycle:lifecycle-process:2.0.0] AndroidManifest.xml:25:13-69
54            android:exported="false"
54-->[androidx.lifecycle:lifecycle-process:2.0.0] AndroidManifest.xml:26:13-37
55            android:multiprocess="true" />
55-->[androidx.lifecycle:lifecycle-process:2.0.0] AndroidManifest.xml:27:13-40
56    </application>
57
58</manifest>